e:\dx11\dxproject_4_06\dx11\debug\client.pch
e:\dx11\dxproject_4_06\dx11\debug\vc141.pdb
e:\dx11\dxproject_4_06\dx11\debug\vc141.idb
e:\dx11\dxproject_4_06\dx11\debug\stdafx.obj
e:\dx11\dxproject_4_06\dx11\debug\materialex.obj
e:\dx11\dxproject_4_06\dx11\debug\gridscript.obj
e:\dx11\dxproject_4_06\dx11\debug\gameobjectex.obj
e:\dx11\dxproject_4_06\dx11\debug\dx11.obj
e:\dx11\dxproject_4_06\dx11\debug\createscene.obj
e:\dx11\dxproject_4_06\dx11\debug\cameraex.obj
e:\dx11\dxproject_4_06\dx11\debug\camscript.obj
e:\dx11\dxproject_4_06\bin_debug\client.exe
e:\dx11\dxproject_4_06\bin_debug\client.ilk
e:\dx11\dxproject_4_06\bin_debug\client.pdb
e:\dx11\dxproject_4_06\dx11\debug\dx11.res
e:\dx11\dxproject_4_06\\bin_debug\client.pdb
e:\dx11\dxproject_4_06\\bin_debug\client.exe
e:\dx11\dxproject_4_06\\bin_debug\client.ilk
e:\dx11\dxproject_4_06\dx11\debug\dx11.tlog\cl.command.1.tlog
e:\dx11\dxproject_4_06\dx11\debug\dx11.tlog\cl.read.1.tlog
e:\dx11\dxproject_4_06\dx11\debug\dx11.tlog\cl.write.1.tlog
e:\dx11\dxproject_4_06\dx11\debug\dx11.tlog\link.command.1.tlog
e:\dx11\dxproject_4_06\dx11\debug\dx11.tlog\link.read.1.tlog
e:\dx11\dxproject_4_06\dx11\debug\dx11.tlog\link.write.1.tlog
e:\dx11\dxproject_4_06\dx11\debug\dx11.tlog\rc.command.1.tlog
e:\dx11\dxproject_4_06\dx11\debug\dx11.tlog\rc.read.1.tlog
e:\dx11\dxproject_4_06\dx11\debug\dx11.tlog\rc.write.1.tlog
