e:\dx11\dxproject_4_06\engine\debug\dx11_debug.pch
e:\dx11\dxproject_4_06\engine\debug\engine.pdb
e:\dx11\dxproject_4_06\engine\debug\engine.idb
e:\dx11\dxproject_4_06\engine\debug\stdafx.obj
e:\dx11\dxproject_4_06\engine\debug\gameobject.obj
e:\dx11\dxproject_4_06\engine\debug\fonthelpermgr.obj
e:\dx11\dxproject_4_06\engine\debug\font23.obj
e:\dx11\dxproject_4_06\engine\debug\filter23.obj
e:\dx11\dxproject_4_06\engine\debug\fbxloader.obj
e:\dx11\dxproject_4_06\engine\debug\eventmgr.obj
e:\dx11\dxproject_4_06\engine\debug\entity.obj
e:\dx11\dxproject_4_06\engine\debug\device.obj
e:\dx11\dxproject_4_06\engine\debug\depthstencilstate.obj
e:\dx11\dxproject_4_06\engine\debug\core.obj
e:\dx11\dxproject_4_06\engine\debug\constbuffer.obj
e:\dx11\dxproject_4_06\engine\debug\component.obj
e:\dx11\dxproject_4_06\engine\debug\collisionmgr.obj
e:\dx11\dxproject_4_06\engine\debug\collider3d.obj
e:\dx11\dxproject_4_06\engine\debug\collider2d.obj
e:\dx11\dxproject_4_06\engine\debug\camera.obj
e:\dx11\dxproject_4_06\engine\debug\blendstate.obj
e:\dx11\dxproject_4_06\engine\debug\animator3d.obj
e:\dx11\dxproject_4_06\engine\debug\animator2d.obj
e:\dx11\dxproject_4_06\engine\debug\animation2d.obj
e:\dx11\dxproject_4_06\engine\debug\scene.obj
e:\dx11\dxproject_4_06\engine\debug\samplerstate.obj
e:\dx11\dxproject_4_06\engine\debug\scenemgr.obj
e:\dx11\dxproject_4_06\engine\debug\resource.obj
e:\dx11\dxproject_4_06\engine\debug\resptr.obj
e:\dx11\dxproject_4_06\engine\debug\resmgr.obj
e:\dx11\dxproject_4_06\engine\debug\resdefaultcreate.obj
e:\dx11\dxproject_4_06\engine\debug\rendertarget23.obj
e:\dx11\dxproject_4_06\engine\debug\rendermgr.obj
e:\dx11\dxproject_4_06\engine\debug\prefab.obj
e:\dx11\dxproject_4_06\engine\debug\pathmgr.obj
e:\dx11\dxproject_4_06\engine\debug\particlesystem.obj
e:\dx11\dxproject_4_06\engine\debug\meshrender.obj
e:\dx11\dxproject_4_06\engine\debug\meshdata.obj
e:\dx11\dxproject_4_06\engine\debug\mesh.obj
e:\dx11\dxproject_4_06\engine\debug\material.obj
e:\dx11\dxproject_4_06\engine\debug\mrt.obj
e:\dx11\dxproject_4_06\engine\debug\light3d.obj
e:\dx11\dxproject_4_06\engine\debug\layer.obj
e:\dx11\dxproject_4_06\engine\debug\keymgr.obj
e:\dx11\dxproject_4_06\engine\debug\instancingbuffer.obj
e:\dx11\dxproject_4_06\engine\debug\func.obj
e:\dx11\dxproject_4_06\engine\debug\transform.obj
e:\dx11\dxproject_4_06\engine\debug\timemgr.obj
e:\dx11\dxproject_4_06\engine\debug\texture.obj
e:\dx11\dxproject_4_06\engine\debug\terrain2.obj
e:\dx11\dxproject_4_06\engine\debug\terrain1.obj
e:\dx11\dxproject_4_06\engine\debug\structuredbuffer.obj
e:\dx11\dxproject_4_06\engine\debug\state.obj
e:\dx11\dxproject_4_06\engine\debug\sound.obj
e:\dx11\dxproject_4_06\engine\debug\simplemath.obj
e:\dx11\dxproject_4_06\engine\debug\shader.obj
e:\dx11\dxproject_4_06\engine\debug\script.obj
e:\dx11\dxproject_4_06\project\library\engine\x86\particle.cso
e:\dx11\dxproject_4_06\project\library\engine\x86\posteffect.cso
e:\dx11\dxproject_4_06\project\library\engine\x86\dx11_debug.lib
e:\dx11\dxproject_4_06\engine\debug\engine.tlog\cl.command.1.tlog
e:\dx11\dxproject_4_06\engine\debug\engine.tlog\cl.read.1.tlog
e:\dx11\dxproject_4_06\engine\debug\engine.tlog\cl.write.1.tlog
e:\dx11\dxproject_4_06\engine\debug\engine.tlog\fxc.command.1.tlog
e:\dx11\dxproject_4_06\engine\debug\engine.tlog\fxc.read.1.tlog
e:\dx11\dxproject_4_06\engine\debug\engine.tlog\fxc.write.1.tlog
e:\dx11\dxproject_4_06\engine\debug\engine.tlog\lib-link.read.1.tlog
e:\dx11\dxproject_4_06\engine\debug\engine.tlog\lib-link.write.1.tlog
e:\dx11\dxproject_4_06\engine\debug\engine.tlog\lib.command.1.tlog
