e:\dx11\dxproject_4_06\tool\debug\tool.pch
e:\dx11\dxproject_4_06\tool\debug\vc141.pdb
e:\dx11\dxproject_4_06\tool\debug\vc141.idb
e:\dx11\dxproject_4_06\tool\debug\stdafx.obj
e:\dx11\dxproject_4_06\tool\debug\mainfrm.obj
e:\dx11\dxproject_4_06\tool\debug\listdlg.obj
e:\dx11\dxproject_4_06\tool\debug\light3ddlg.obj
e:\dx11\dxproject_4_06\tool\debug\hierachyview.obj
e:\dx11\dxproject_4_06\tool\debug\gridscript.obj
e:\dx11\dxproject_4_06\tool\debug\gameobjectex.obj
e:\dx11\dxproject_4_06\tool\debug\gameobjectdlg.obj
e:\dx11\dxproject_4_06\tool\debug\fpsscript.obj
e:\dx11\dxproject_4_06\tool\debug\debugview.obj
e:\dx11\dxproject_4_06\tool\debug\componentview.obj
e:\dx11\dxproject_4_06\tool\debug\componentdlg.obj
e:\dx11\dxproject_4_06\tool\debug\collider3ddlg.obj
e:\dx11\dxproject_4_06\tool\debug\cameraex.obj
e:\dx11\dxproject_4_06\tool\debug\cameradlg.obj
e:\dx11\dxproject_4_06\tool\debug\camscript.obj
e:\dx11\dxproject_4_06\tool\debug\cusersplitterwnd.obj
e:\dx11\dxproject_4_06\tool\debug\cgameview.obj
e:\dx11\dxproject_4_06\tool\debug\btnview.obj
e:\dx11\dxproject_4_06\tool\debug\animator3ddlg.obj
e:\dx11\dxproject_4_06\tool\debug\addcomdlg.obj
e:\dx11\dxproject_4_06\tool\debug\transformdlg.obj
e:\dx11\dxproject_4_06\tool\debug\tool.obj
e:\dx11\dxproject_4_06\tool\debug\terraindlg.obj
e:\dx11\dxproject_4_06\tool\debug\scriptdlg.obj
e:\dx11\dxproject_4_06\tool\debug\resdlg.obj
e:\dx11\dxproject_4_06\tool\debug\meshrenderdlg.obj
e:\dx11\dxproject_4_06\tool\debug\materialex.obj
e:\dx11\dxproject_4_06\tool\debug\tool.res
e:\dx11\dxproject_4_06\tool\debug\tool.tlog\cl.command.1.tlog
e:\dx11\dxproject_4_06\tool\debug\tool.tlog\cl.read.1.tlog
e:\dx11\dxproject_4_06\tool\debug\tool.tlog\cl.write.1.tlog
e:\dx11\dxproject_4_06\tool\debug\tool.tlog\link.command.1.tlog
e:\dx11\dxproject_4_06\tool\debug\tool.tlog\link.read.1.tlog
e:\dx11\dxproject_4_06\tool\debug\tool.tlog\link.write.1.tlog
e:\dx11\dxproject_4_06\tool\debug\tool.tlog\rc.command.1.tlog
e:\dx11\dxproject_4_06\tool\debug\tool.tlog\rc.read.1.tlog
e:\dx11\dxproject_4_06\tool\debug\tool.tlog\rc.write.1.tlog
