e:\dx11\dxproject_4_06\script\debug\script_debug.pch
e:\dx11\dxproject_4_06\script\debug\script.pdb
e:\dx11\dxproject_4_06\script\debug\script.idb
e:\dx11\dxproject_4_06\script\debug\stdafx.obj
e:\dx11\dxproject_4_06\script\debug\testmgrscript.obj
e:\dx11\dxproject_4_06\script\debug\scriptmgr.obj
e:\dx11\dxproject_4_06\script\debug\saveloadmgr.obj
e:\dx11\dxproject_4_06\script\debug\playerscript.obj
e:\dx11\dxproject_4_06\script\debug\walkinggravityscript.obj
e:\dx11\dxproject_4_06\script\debug\playerattackspell.obj
e:\dx11\dxproject_4_06\script\debug\npcscript.obj
e:\dx11\dxproject_4_06\script\debug\monsterscript.obj
e:\dx11\dxproject_4_06\script\debug\itemscript.obj
e:\dx11\dxproject_4_06\script\debug\hotkeyscript.obj
e:\dx11\dxproject_4_06\script\debug\followcamscript.obj
e:\dx11\dxproject_4_06\script\debug\firearrow.obj
e:\dx11\dxproject_4_06\script\debug\dialoguescript.obj
e:\dx11\dxproject_4_06\script\debug\dialogueboxscript.obj
e:\dx11\dxproject_4_06\script\debug\script.tlog\cl.command.1.tlog
e:\dx11\dxproject_4_06\script\debug\script.tlog\cl.read.1.tlog
e:\dx11\dxproject_4_06\script\debug\script.tlog\cl.write.1.tlog
